# Time of run:
# Mon Sep 11 11:48:12 2023
# Command:
# disco_berkeley_parser_analyser/classify_english.py gold_and_pred_data/ptb_dev_gold.discbracket gold_and_pred_data/ptb_dev_pred_pipeline_bank.discbracket results/pipeline_bank/bpa/full
#
Printing tree transformations
Sentence 1:


Sentence 2:


Sentence 3:


Sentence 4:


Sentence 5:


Sentence 6:


Sentence 7:


Sentence 8:


Sentence 9:


Sentence 10:


Sentence 11:


Sentence 12:


Sentence 13:


Sentence 14:


Sentence 15:


Sentence 16:


Sentence 17:
Sentence tokens do not match...
Gold: 0=But 1=Congress 2=did 3=n't 4=anticipate 5=or 6=intend 7=more 8=public 9=debt 11=say 12=opponents 13=of 14=the 15=RTC 16='s 17=working-capital 18=plan 20=and 21=Rep. 22=Charles 23=Schumer 24=-LRB- 25=D. 27=N.Y 29=-RRB- 30=said 31=the 32=RTC 33=Oversight 34=Board 35=has 36=been 37=remiss 38=in 39=not 40=keeping 41=Congress 42=informed
Test: 0=But 1=Congress 2=did 3=n't 4=anticipate 5=or 6=intend 7=more 8=public 9=debt 20=and 21=Rep. 22=Charles 23=Schumer 24=-LRB- 25=D. 27=N.Y 29=-RRB- 30=said 31=the 32=RTC 33=Oversight 34=Board 35=has 36=been 37=remiss 38=in 39=not 40=keeping 41=Congress 42=informed 11=say 12=opponents 13=of 14=the 15=RTC 16='s 17=working-capital 18=plan


Sentence 18:


Sentence 19:


Sentence 20:


Sentence 21:


Sentence 22:


Sentence 23:


Sentence 24:


Sentence 25:


Sentence 26:


Sentence 27:


Sentence 28:


Sentence 29:


Sentence 30:


Sentence 31:


Sentence 32:


Sentence 33:


Sentence 34:


Sentence 35:


Sentence 36:
Sentence tokens do not match...
Gold: 0=A 1=Fidelity 2=spokesman 3=says 4=the 5=800-line 7=which 8=already 9=was 10=operating 11=but 12=which 18=about 17=know 15=did 16=n't 13=many 14=clients 20=received 21=about 22=double 23=the 24=usual 25=volume 26=of 27=calls 28=over 29=the 30=weekend
Test: 0=A 1=Fidelity 2=spokesman 3=says 4=the 5=800-line 7=which 8=already 9=was 10=operating 11=but 12=which 17=know 18=about 15=did 16=n't 13=many 14=clients 20=received 21=about 22=double 23=the 24=usual 25=volume 26=of 27=calls 28=over 29=the 30=weekend


Sentence 37:


Sentence 38:


Sentence 39:


Sentence 40:


Sentence 41:


Sentence 42:
Sentence tokens do not match...
Gold: 0=Underneath 1=the 2=headline 4=Diversification 7=it 8=counsels 11=Based 12=on 13=the 14=events 15=of 16=the 17=past 18=week 20=all 21=investors 22=need 23=to 24=know 25=their 26=portfolios 27=are 28=balanced 29=to 30=help 31=protect 32=them 33=against 34=the 35=market 36='s 37=volatility
Test: 0=Underneath 1=the 2=headline 4=Diversification 11=Based 12=on 13=the 14=events 15=of 16=the 17=past 18=week 20=all 21=investors 22=need 23=to 24=know 25=their 26=portfolios 27=are 28=balanced 29=to 30=help 31=protect 32=them 33=against 34=the 35=market 36='s 37=volatility 8=counsels 7=it


Sentence 43:


Sentence 44:


Sentence 45:


Sentence 46:


Sentence 47:


Sentence 48:


Sentence 49:


Sentence 50:


Sentence 51:


Sentence 52:


Sentence 53:


Sentence 54:


Sentence 55:


Sentence 56:


Sentence 57:


Sentence 58:


Sentence 59:


Sentence 60:


Sentence 61:


Sentence 62:


Sentence 63:
Sentence tokens do not match...
Gold: 0=In 1=any 2=case 4=the 5=brokerage 6=firms 7=are 8=clearly 9=moving 10=faster 15=than 16=they 17=did 18=in 19=the 20=fall 21=of 22=1987 11=to 12=create 13=new 14=ads
Test: 0=In 1=any 2=case 4=the 5=brokerage 6=firms 7=are 8=clearly 9=moving 10=faster 11=to 12=create 13=new 14=ads 15=than 16=they 17=did 18=in 19=the 20=fall 21=of 22=1987


Sentence 64:
Sentence tokens do not match...
Gold: 0=But 1=it 6=whether 7=their 8=ads 9=will 10=be 11=any 12=more 13=effective 2=remains 3=to 4=be 5=seen
Test: 0=But 1=it 2=remains 3=to 4=be 5=seen 6=whether 7=their 8=ads 9=will 10=be 11=any 12=more 13=effective


Sentence 65:


Sentence 66:


Sentence 67:


Sentence 68:


Sentence 69:


Sentence 70:


Sentence 71:


Sentence 72:


Sentence 73:


Sentence 74:


Sentence 75:


Sentence 76:


Sentence 77:


Sentence 78:


Sentence 79:


Sentence 80:
Sentence lengths do not match...
Gold: 0=It 1='s 2=what 3=1 4=-RRB- 5=explains 6=why 8=are 9=like 11=well 13=ourselves 14=rather 15=than 16=Bo 17=Jackson 7=we 19=2 20=-RRB- 21=cautions 22=that 23=it 26=to 27=drown 28=in 29=a 30=lake 31=that 32=averages 33=two 34=feet 35=deep 24='s 25=possible 37=and 38=3 39=-RRB- 40=predicts 41=that 42=10,000 43=monkeys 44=placed 45=before 46=10,000 47=pianos 48=would 49=produce 50=1,118 51=publishable 52=rock 53='n' 54=roll 55=tunes
Test: 0=It 1='s 2=what 3=1 4=-RRB- 5=explains 6=why 8=are 9=like 7=we 11=well 13=ourselves 14=rather 15=than 16=Bo 17=Jackson 19=2 20=-RRB- 21=cautions 22=that 23=it 26=to 27=drown 28=in 29=a 30=lake 31=that 32=averages 33=two 34=feet 35=deep 24='s 25=possible 37=and 38=3 39=-RRB- 40=predicts 41=that 42=10,000 43=monkeys 44=placed 45=before 46=10,000 47=pianos 48=would 49=produce 50=1,118 51=publishable 52=rock 54=roll 55=tunes
Sentence 81:


Sentence 82:


Sentence 83:


Sentence 84:


Sentence 85:


Sentence 86:


Sentence 87:
Sentence tokens do not match...
Gold: 1=If 2=you 3=get 4=your 5=pitch 7=and 8=take 9=a 10=good 11=swing 13=anything 14=can 15=happen 20=remarked 18=he 19=later
Test: 1=If 2=you 3=get 4=your 5=pitch 7=and 8=take 9=a 10=good 11=swing 13=anything 14=can 15=happen 18=he 19=later 20=remarked


Sentence 88:


Sentence 89:
Sentence tokens do not match...
Gold: 0=Mark 1=McGwire 3=the 4=big 6=red-haired 7=Oakland 8=first 9=baseman 11=had 12=three 13=hits 19=two 20=more 21=than 22=he 23='d 24=had 25=in 26=the 27=five-game 28=Dodger 29=series 30=in 31=which 34=gone 35=1-for-17 33='d 32=he 14=in 15=four 16=at 17=bats
Test: 0=Mark 1=McGwire 3=the 4=big 6=red-haired 7=Oakland 8=first 9=baseman 11=had 12=three 13=hits 14=in 15=four 16=at 17=bats 19=two 20=more 21=than 22=he 23='d 24=had 25=in 26=the 27=five-game 28=Dodger 29=series 30=in 31=which 34=gone 35=1-for-17 33='d 32=he


Sentence 90:


Sentence 91:


Sentence 92:


Sentence 93:


Sentence 94:


Sentence 95:


Sentence 96:


Sentence 97:


Sentence 98:


Sentence 99:


Sentence 100:


Sentence 101:


Sentence 102:


Sentence 103:


Sentence 104:


Sentence 105:


Sentence 106:


Sentence 107:


Sentence 108:


Sentence 109:


Sentence 110:


Sentence 111:
Sentence tokens do not match...
Gold: 0=Such 9=that 10=when 12=hit 13=his 14=first 15=career 16=home 17=run 18=last 19=season 11=he 21=the 22=fan 23=who 24=caught 25=it 26=agreed 27=to 28=turn 29=the 30=ball 31=over 32=to 33=him 34=in 35=return 36=for 37=an 38=autograph 1=is 2=his 3=reputation 4=among 5=the 6=East 7=Bay 8=Bashers
Test: 0=Such 1=is 2=his 3=reputation 4=among 5=the 6=East 7=Bay 8=Bashers 9=that 10=when 12=hit 13=his 14=first 15=career 16=home 17=run 18=last 19=season 11=he 21=the 22=fan 23=who 24=caught 25=it 26=agreed 27=to 28=turn 29=the 30=ball 31=over 32=to 33=him 34=in 35=return 36=for 37=an 38=autograph


Sentence 112:


Sentence 113:


Sentence 114:


Sentence 115:


Sentence 116:


Sentence 117:


Sentence 118:


Sentence 119:


Sentence 120:


Sentence 121:
Sentence tokens do not match...
Gold: 1=I 2='d 3=rather 17=than 18=a 19=good 20=hitter 21=who 22='s 23=cold 4=see 5=a 6=so-so 7=hitter 8=who 9='s 10=hot 11=come 12=up 13=for 14=the 15=other 16=side
Test: 1=I 2='d 3=rather 4=see 5=a 6=so-so 7=hitter 8=who 9='s 10=hot 17=than 18=a 19=good 20=hitter 21=who 22='s 23=cold 11=come 12=up 13=for 14=the 15=other 16=side


Sentence 122:


Sentence 123:


Sentence 124:


Sentence 125:


Sentence 126:


Sentence 127:


Sentence 128:


Sentence 129:


Sentence 130:
Sentence tokens do not match...
Gold: 0=The 1=computer 2=maker 4=which 5=sells 6=more 7=than 8=half 9=its 10=goods 11=outside 12=the 13=U.S. 15=also 16=said 17=the 18=negative 19=effect 20=of 21=a 22=stronger 23=U.S. 24=dollar 25=will 27=adversely 28=affect 30=its 31=fourth-quarter 32=performance 33=and 35=make 36=it 39=to 40=better 41=1988 42=results 37=difficult
Test: 0=The 1=computer 2=maker 4=which 5=sells 6=more 7=than 8=half 9=its 10=goods 11=outside 12=the 13=U.S. 15=also 16=said 17=the 18=negative 19=effect 20=of 21=a 22=stronger 23=U.S. 24=dollar 25=will 27=adversely 28=affect 30=its 31=fourth-quarter 32=performance 33=and 35=make 36=it 37=difficult 39=to 40=better 41=1988 42=results


Sentence 131:


Sentence 132:


Sentence 133:


Sentence 134:


Sentence 135:


Sentence 136:


Sentence 137:


Sentence 138:


Sentence 139:


Sentence 140:


Sentence 141:


Sentence 142:


Sentence 143:


Sentence 144:


Sentence 145:


Sentence 146:


Sentence 147:


Sentence 148:


Sentence 149:


Sentence 150:


Sentence 151:
Sentence tokens do not match...
Gold: 1=I 2=had 3=calls 7=from 8=the 9=States 4=all 5=night 6=long 13=said 12=he
Test: 1=I 2=had 3=calls 4=all 5=night 6=long 7=from 8=the 9=States 13=said 12=he


Sentence 152:


Sentence 153:


Sentence 154:


Sentence 155:


Sentence 156:


Sentence 157:


Sentence 158:


Sentence 159:


Sentence 160:


Sentence 161:


Sentence 162:


Sentence 163:


Sentence 164:


Sentence 165:


Sentence 166:


Sentence 167:


Sentence 168:


Sentence 169:


Sentence 170:


Sentence 171:


Sentence 172:


Sentence 173:


Sentence 174:


Sentence 175:


Sentence 176:


Sentence 177:


Sentence 178:


Sentence 179:
Sentence tokens do not match...
Gold: 1=When 5=buy 4=to 3=want 2=I 7=they 8=run 9=from 10=you 12=they 13=keep 14=changing 15=their 16=prices 21=said 19=Mr. 20=Smith
Test: 1=When 3=want 4=to 5=buy 2=I 7=they 8=run 9=from 10=you 12=they 13=keep 14=changing 15=their 16=prices 21=said 19=Mr. 20=Smith


Sentence 180:


Sentence 181:


Sentence 182:


Sentence 183:
Sentence tokens do not match...
Gold: 1=Fundamentally 2=dangerous 18=fundamentally 19=weak 21=fairly 22=vulnerable 23=still 25=extremely 26=dangerously 27=poised 8=said 10=almost 11=in 12=a 13=whisper 6=Mr. 7=Smith
Test: 1=Fundamentally 2=dangerous 10=almost 11=in 12=a 13=whisper 8=said 18=fundamentally 19=weak 21=fairly 22=vulnerable 23=still 25=extremely 26=dangerously 27=poised 6=Mr. 7=Smith


Sentence 184:


Sentence 185:


Sentence 186:


Sentence 187:


Sentence 188:


Sentence 189:


Sentence 190:


Sentence 191:


Sentence 192:


Sentence 193:


Sentence 194:


Sentence 195:


Sentence 196:


Sentence 197:


Sentence 198:


Sentence 199:


Sentence 200:


Sentence 201:


Sentence 202:


Sentence 203:


Sentence 204:


Sentence 205:


Sentence 206:


Sentence 207:


Sentence 208:


Sentence 209:
Sentence tokens do not match...
Gold: 0=Is 1=n't 2=it 6=to 7=say 8=that 9=if 10=you 11=have 12=a 13=million 14=people 15=working 16=for 17=you 19=every 20=good 21=thing 22=that 23=has 24=one 25=chance 26=in 27=a 28=million 29=of 30=going 31=right 32=will 33=go 34=right 35=at 36=least 37=once 38=a 39=year 3=just 4=as 5=fair
Test: 0=Is 1=n't 2=it 3=just 4=as 5=fair 6=to 7=say 8=that 9=if 10=you 11=have 12=a 13=million 14=people 15=working 16=for 17=you 19=every 20=good 21=thing 22=that 23=has 24=one 25=chance 26=in 27=a 28=million 29=of 30=going 31=right 32=will 33=go 34=right 35=at 36=least 37=once 38=a 39=year


Sentence 210:


Sentence 211:


Sentence 212:


Sentence 213:


Sentence 214:


Sentence 215:


Sentence 216:


Sentence 217:


Sentence 218:


Sentence 219:


Sentence 220:


Sentence 221:


Sentence 222:


Sentence 223:


Sentence 224:


Sentence 225:


Sentence 226:


Sentence 227:


Sentence 228:


Sentence 229:


Sentence 230:


Sentence 231:


Sentence 232:


Sentence 233:


Sentence 234:


Sentence 235:


Sentence 236:


Sentence 237:


Sentence 238:


Sentence 239:


Sentence 240:


Sentence 241:


Sentence 242:


Sentence 243:


Sentence 244:


Sentence 245:


Sentence 246:


Sentence 247:


Sentence 248:
Sentence tokens do not match...
Gold: 0=DPC 2=a 3=group 4=led 5=by 6=the 7=New 8=York 9=investment 10=firm 11=Crescott 12=Inc. 14=also 15=said 16=it 17=plans 18=to 19=file 20=preliminary 21=materials 28=regarding 29=a 30=shareholder 31=solicitation 32=to 33=oust 34=Dataproducts 35=' 36=board 22=with 23=the 24=Securities 25=and 26=Exchange 27=Commission
Test: 0=DPC 2=a 3=group 4=led 5=by 6=the 7=New 8=York 9=investment 10=firm 11=Crescott 12=Inc. 14=also 15=said 16=it 17=plans 18=to 19=file 20=preliminary 21=materials 22=with 23=the 24=Securities 25=and 26=Exchange 27=Commission 28=regarding 29=a 30=shareholder 31=solicitation 32=to 33=oust 34=Dataproducts 35=' 36=board


Sentence 249:


Sentence 250:


Sentence 251:


Sentence 252:


Sentence 253:


Sentence 254:


Sentence 255:


Sentence 256:


Sentence 257:


Sentence 258:


Sentence 259:


Sentence 260:


Sentence 261:


Sentence 262:


Sentence 263:


Sentence 264:


Sentence 265:


Sentence 266:


Sentence 267:


Sentence 268:


Sentence 269:


Sentence 270:


Sentence 271:


Sentence 272:


Sentence 273:


Sentence 274:


Sentence 275:


Sentence 276:


Sentence 277:


Sentence 278:


Sentence 279:


Sentence 280:


Sentence 281:
Sentence tokens do not match...
Gold: 1=Everybody 6=including 7=most 8=institutional 9=investors 2=was 3=still 4=confident
Test: 1=Everybody 2=was 3=still 4=confident 6=including 7=most 8=institutional 9=investors


Sentence 282:
Sentence tokens do not match...
Gold: 0=That 1=is 2=why 5=a 6=little 7=surprised 8=by 9=the 10=storm 11=of 12=sell 13=orders 14=from 15=small 16=private 17=investors 4=was 3=everybody 20=said 21=Norbert 22=Braeuer 24=a 25=senior 26=trader 27=for 28=Hessische 29=Landesbank
Test: 0=That 1=is 2=why 4=was 5=a 6=little 7=surprised 8=by 9=the 10=storm 11=of 12=sell 13=orders 14=from 15=small 16=private 17=investors 3=everybody 20=said 21=Norbert 22=Braeuer 24=a 25=senior 26=trader 27=for 28=Hessische 29=Landesbank


Sentence 283:


Sentence 284:


Sentence 285:


Sentence 286:


Sentence 287:


Sentence 288:


Sentence 289:


Sentence 290:


Sentence 291:


Sentence 292:


Sentence 293:


Sentence 294:


Sentence 295:


Sentence 296:


Sentence 297:


Sentence 298:


Sentence 299:


Sentence 300:
Sentence tokens do not match...
Gold: 0=Brokers 1=said 2=that 3=as 4=the 5=news 7=that 8=Wall 9=Street 10=was 11=moving 12=up 6=spread 14=traders 15=who 16=had 17=called 18=to 19=place 20=sell 21=orders 22=changed 23=their 24=line 25=in 26=mid-conversation 28=ordering 29=buys 30=instead
Test: 0=Brokers 1=said 2=that 3=as 4=the 5=news 6=spread 7=that 8=Wall 9=Street 10=was 11=moving 12=up 14=traders 15=who 16=had 17=called 18=to 19=place 20=sell 21=orders 22=changed 23=their 24=line 25=in 26=mid-conversation 28=ordering 29=buys 30=instead


Sentence 301:


Sentence 302:


Sentence 303:


Sentence 304:


Sentence 305:


Sentence 306:


Sentence 307:


Sentence 308:


Sentence 309:


Sentence 310:


Sentence 311:


Sentence 312:


Sentence 313:
Sentence tokens do not match...
Gold: 0=The 1=interest 2=rate 3=on 4=short-term 5=funds 7=which 9=borrow 10=to 11=finance 12=longer-term 13=loans 14=to 15=customers 8=banks 17=was 19=sharply 20=higher 24=said 23=Morgan
Test: 0=The 1=interest 2=rate 3=on 4=short-term 5=funds 7=which 11=finance 12=longer-term 13=loans 14=to 15=customers 10=to 9=borrow 8=banks 17=was 19=sharply 20=higher 24=said 23=Morgan


Sentence 314:


Sentence 315:


Sentence 316:


Sentence 317:


Sentence 318:


Sentence 319:


Sentence 320:


Sentence 321:


Sentence 322:


Sentence 323:


Sentence 324:


Sentence 325:


Sentence 326:
Sentence tokens do not match...
Gold: 0=Included 1=in 2=the 3=increase 4=in 5=the 6=most 7=recent 8=quarter 9=is 10=a 11=$ 12=33 13=million 14=loan 16=which 22=to 23=be 24=fully 25=repaid 27=with 28=no 29=loss 31=early 32=in 33=the 34=fourth 35=quarter 21=expects 19=it 18=said 17=NCNB
Test: 0=Included 1=in 2=the 3=increase 4=in 5=the 6=most 7=recent 8=quarter 9=is 10=a 11=$ 12=33 13=million 14=loan 16=which 17=NCNB 18=said 19=it 21=expects 22=to 23=be 24=fully 25=repaid 27=with 28=no 29=loss 31=early 32=in 33=the 34=fourth 35=quarter


Sentence 327:


Sentence 328:


Sentence 329:


Sentence 330:


Sentence 331:


Sentence 332:


Sentence 333:


Sentence 334:


Sentence 335:


Sentence 336:


Sentence 337:


Sentence 338:


Sentence 339:


Sentence 340:


Sentence 341:


Sentence 342:


Sentence 343:


Sentence 344:


Sentence 345:


Sentence 346:


Sentence 347:


Sentence 348:


Sentence 349:


Sentence 350:


Sentence 351:


Sentence 352:


Sentence 353:
Sentence tokens do not match...
Gold: 0=McCaw 1='s 2=revised 3=tender 4=offer 5=would 6=require 7=McCaw 8=to 9=begin 10=an 11=auction 12=process 16=that 17=would 18=buy 19=out 20=remaining 21=holders 22=at 23=a 24=per-share 25=price 26=roughly 27=equivalent 28=to 29=what 37=pay 38=for 39=all 40=of 41=LIN 36=to 35=have 33=might 34=then 30=a 31=third 32=party 13=in 14=July 15=1994
Test: 0=McCaw 1='s 2=revised 3=tender 4=offer 5=would 6=require 7=McCaw 8=to 9=begin 10=an 11=auction 12=process 13=in 14=July 15=1994 16=that 17=would 18=buy 19=out 20=remaining 21=holders 22=at 23=a 24=per-share 25=price 26=roughly 27=equivalent 28=to 29=what 37=pay 38=for 39=all 40=of 41=LIN 36=to 35=have 33=might 34=then 30=a 31=third 32=party


Sentence 354:


Sentence 355:


Sentence 356:


Sentence 357:


Sentence 358:


Sentence 359:


Sentence 360:


Sentence 361:


Sentence 362:


Sentence 363:


Sentence 364:


Sentence 365:


Sentence 366:


Sentence 367:


Sentence 368:


Sentence 369:


Sentence 370:


Sentence 371:


Sentence 372:


Sentence 373:
Sentence tokens do not match...
Gold: 0=However 2=in 3=Ottawa 5=Canadian 6=Trade 7=Minister 8=John 9=Crosbie 10=said 11=the 12=dispute-settlement 13=panel 14=accepted 15=the 17=legitimacy 18=of 19=Canada 20='s 21=position 22=on 23=the 24=use 29=to 30=conserve 31=and 32=manage 33=these 34=important 35=fisheries 25=of 26=these 27=landing 28=requirements
Test: 0=However 2=in 3=Ottawa 5=Canadian 6=Trade 7=Minister 8=John 9=Crosbie 10=said 11=the 12=dispute-settlement 13=panel 14=accepted 15=the 17=legitimacy 18=of 19=Canada 20='s 21=position 22=on 23=the 24=use 25=of 26=these 27=landing 28=requirements 29=to 30=conserve 31=and 32=manage 33=these 34=important 35=fisheries


Sentence 374:


Sentence 375:


Sentence 376:


Sentence 377:


Sentence 378:


Sentence 379:


Sentence 380:


Sentence 381:
Sentence tokens do not match...
Gold: 0=Mrs. 1=Hills 2=said 3=the 4=U.S. 5=wo 6=n't 7=accept 8=any 9=delays 10=after 11=Nov. 12=13 13=because 14=U.S. 15=fish-processing 16=firms 17=enter 18=into 19=contracts 23=to 24=purchase 25=the 26=next 27=season 28='s 29=catch 20=in 21=the 22=fall
Test: 0=Mrs. 1=Hills 2=said 3=the 4=U.S. 5=wo 6=n't 7=accept 8=any 9=delays 10=after 11=Nov. 12=13 13=because 14=U.S. 15=fish-processing 16=firms 17=enter 18=into 19=contracts 20=in 21=the 22=fall 23=to 24=purchase 25=the 26=next 27=season 28='s 29=catch


Sentence 382:


Sentence 383:


Sentence 384:
Sentence tokens do not match...
Gold: 0=To 1=spend 2=a 3=carefree 5=idle 6=day 8=When 10=calls 9=duty 12=to 13=pay 14=no 15=heed 17=To 18=while 19=the 20=precious 21=hours 22=away 24=Character 25=is 26=what 28=need 27=you
Test: 0=To 1=spend 2=a 3=carefree 5=idle 6=day 8=When 10=calls 12=to 13=pay 14=no 15=heed 9=duty 17=To 18=while 19=the 20=precious 21=hours 22=away 24=Character 25=is 26=what 28=need 27=you


Sentence 385:


Sentence 386:


Sentence 387:


Sentence 388:


Sentence 389:


Sentence 390:


Sentence 391:


Sentence 392:


Sentence 393:


Sentence 394:


Sentence 395:


Sentence 396:


Sentence 397:


Sentence 398:


Sentence 399:


Sentence 400:


Sentence 401:


Sentence 402:


Sentence 403:


Sentence 404:


Sentence 405:


Sentence 406:


Sentence 407:


Sentence 408:


Sentence 409:


Sentence 410:


Sentence 411:


Sentence 412:


Sentence 413:


Sentence 414:


Sentence 415:


Sentence 416:


Sentence 417:


Sentence 418:


Sentence 419:


Sentence 420:


Sentence 421:


Sentence 422:


Sentence 423:


Sentence 424:


Sentence 425:


Sentence 426:


Sentence 427:


Sentence 428:


Sentence 429:


Sentence 430:


Sentence 431:


Sentence 432:


Sentence 433:


Sentence 434:


Sentence 435:
Sentence tokens do not match...
Gold: 0=Added 9=We 10=were 11=all 12=a 13=little 14=goosey 15=over 16=the 17=weekend 18=trying 19=to 20=forecast 21=what 22=would 23=happen 24=-LCB- 25=Monday 26=-RCB- 28=but 29=it 30='s 31=been 32=very 33=quiet 1=another 2=executive 3=at 4=a 5=big 6=bank
Test: 0=Added 1=another 2=executive 3=at 4=a 5=big 6=bank 9=We 10=were 11=all 12=a 13=little 14=goosey 15=over 16=the 17=weekend 18=trying 19=to 20=forecast 21=what 22=would 23=happen 24=-LCB- 25=Monday 26=-RCB- 28=but 29=it 30='s 31=been 32=very 33=quiet


Sentence 436:


Sentence 437:


Sentence 438:


Sentence 439:


Sentence 440:
Sentence tokens do not match...
Gold: 0=After 1=the 2=1987 3=plunge 5=markets 6=agreed 7=that 8=it 12=to 13=halt 14=trading 15=whenever 18=arose 16=panic 17=conditions 9=would 10=be 11=wise
Test: 0=After 1=the 2=1987 3=plunge 5=markets 6=agreed 7=that 8=it 9=would 10=be 11=wise 12=to 13=halt 14=trading 15=whenever 18=arose 16=panic 17=conditions


Sentence 441:


Sentence 442:


Sentence 443:


Sentence 444:


Sentence 445:


Sentence 446:


Sentence 447:


Sentence 448:


Sentence 449:


Sentence 450:


Sentence 451:


Sentence 452:


Sentence 453:


Sentence 454:


Sentence 455:


Sentence 456:


Sentence 457:


Sentence 458:
Sentence tokens do not match...
Gold: 0=It 5=for 6=each 7=market 8=to 9=adopt 10=different 11=circuit 12=breakers 1=therefore 2=makes 3=no 4=sense
Test: 0=It 1=therefore 2=makes 3=no 4=sense 5=for 6=each 7=market 8=to 9=adopt 10=different 11=circuit 12=breakers


Sentence 459:


Sentence 460:


Sentence 461:


Sentence 462:
Sentence tokens do not match...
Gold: 0=Let 1='s 2=not 3=have 4=one 5=market 6=shut 7=down 8=for 9=30 10=minutes 11=when 14=declines 15=100 16=points 12=the 13=Dow 17=and 18=another 19=shut 20=down 21=for 22=an 23=hour 24=after 25=a 26=250-point 27=decline
Test: 0=Let 1='s 2=not 3=have 4=one 5=market 6=shut 7=down 8=for 9=30 10=minutes 11=when 14=declines 15=100 16=points 17=and 18=another 19=shut 20=down 21=for 22=an 23=hour 24=after 25=a 26=250-point 27=decline 12=the 13=Dow


Sentence 463:
Sentence tokens do not match...
Gold: 0=The 1=need 2=for 3=hurried 4=last-minute 5=telephone 6=negotiations 7=among 8=market 9=officials 10=will 11=disappear 12=once 13=rules 17=that 18=synchronize 19=circuit 20=breakers 21=in 22=all 23=markets 14=are 15=in 16=place
Test: 0=The 1=need 2=for 3=hurried 4=last-minute 5=telephone 6=negotiations 7=among 8=market 9=officials 10=will 11=disappear 12=once 13=rules 14=are 15=in 16=place 17=that 18=synchronize 19=circuit 20=breakers 21=in 22=all 23=markets


Sentence 464:


Sentence 465:


Sentence 466:


Sentence 467:
Sentence tokens do not match...
Gold: 0=In 1=many 2=ways 4=our 5=financial 6=markets 7=are 8=better 9=prepared 11=to 12=handle 13=a 14=decline 15=than 16=they 17=were 18=two 19=years 20=ago 10=today
Test: 0=In 1=many 2=ways 4=our 5=financial 6=markets 7=are 8=better 9=prepared 10=today 11=to 12=handle 13=a 14=decline 15=than 16=they 17=were 18=two 19=years 20=ago


Sentence 468:


Sentence 469:
Sentence tokens do not match...
Gold: 0=Telephone 1=service 5=for 6=customers 7=trying 8=to 9=reach 10=their 11=brokers 2=has 3=been 4=improved 13=and 14=specialists 16=who 19=should 20=stay 18=believe 22=despite 23=the 24=urgings 25=of 26=some 27=post-crash 28=critics 17=I 30=have 31=larger 32=capital 33=positions
Test: 0=Telephone 1=service 2=has 3=been 4=improved 5=for 6=customers 7=trying 8=to 9=reach 10=their 11=brokers 13=and 14=specialists 16=who 20=stay 22=despite 23=the 24=urgings 25=of 26=some 27=post-crash 28=critics 19=should 18=believe 17=I 30=have 31=larger 32=capital 33=positions


Sentence 470:


Sentence 471:


Sentence 472:


Sentence 473:


Sentence 474:


Sentence 475:


Sentence 476:


Sentence 477:


Sentence 478:
Sentence tokens do not match...
Gold: 0=Many 1=employers 2=have 3=already 4=begun 5=moving 6=to 7=southern 8=countries 9=such 10=as 11=Spain 12=and 13=Italy 15=where 16=wages 17=are 18=low 19=and 20=unions 21=are 22=weaker 24=demand 25=for 26=trained 27=labor 28=and 29=managers 30=will 31=rise 32=there 35=says 34=FMC
Test: 0=Many 1=employers 2=have 3=already 4=begun 5=moving 6=to 7=southern 8=countries 9=such 10=as 11=Spain 12=and 13=Italy 15=where 17=are 18=low 16=wages 19=and 20=unions 21=are 22=weaker 24=demand 25=for 26=trained 27=labor 28=and 29=managers 30=will 31=rise 32=there 35=says 34=FMC


Sentence 479:


Sentence 480:


Sentence 481:


Sentence 482:


Sentence 483:


Sentence 484:
Sentence tokens do not match...
Gold: 0=After 1=the 2=game 3=-LRB- 5=Bluefield 6=lost 8=9-8 10=stranding 11=three 12=runners 13=in 15=the 16=ninth 20=noted 19=he 21=-RRB- 23=trouble 24=began
Test: 0=After 1=the 2=game 3=-LRB- 5=Bluefield 6=lost 8=9-8 10=stranding 11=three 12=runners 13=in 15=the 16=ninth 19=he 20=noted 23=trouble 24=began 21=-RRB-


Sentence 485:


Sentence 486:


Sentence 487:


Sentence 488:
Sentence tokens do not match...
Gold: 0=PROPOSALS 2=for 3=coping 4=with 5=the 6=shortage 7=of 8=nurses 1=ARISE
Test: 0=PROPOSALS 1=ARISE 2=for 3=coping 4=with 5=the 6=shortage 7=of 8=nurses


Sentence 489:


Sentence 490:


Sentence 491:


Sentence 492:


Sentence 493:


Sentence 494:


Sentence 495:


Sentence 496:


Sentence 497:


Sentence 498:


Sentence 499:


Sentence 500:


Sentence 501:
Sentence tokens do not match...
Gold: 0=CURBING 1=WAGE 2=BOOSTS 3=will 4=get 5=high 6=priority 7=again 8=in 9=1990 10=collective 11=bargaining 27=indicates 13=a 14=Bureau 15=of 16=National 17=Affairs 18=survey 19=of 20=250 21=companies 22=with 23=pacts 24=expiring 25=next 26=year
Test: 0=CURBING 1=WAGE 2=BOOSTS 3=will 4=get 5=high 6=priority 7=again 8=in 9=1990 10=collective 11=bargaining 13=a 14=Bureau 15=of 16=National 17=Affairs 18=survey 19=of 20=250 21=companies 22=with 23=pacts 24=expiring 25=next 26=year 27=indicates


Sentence 502:


Sentence 503:


Sentence 504:


Sentence 505:


Sentence 506:


Sentence 507:


Sentence 508:


Sentence 509:


Sentence 510:


Sentence 511:


Sentence 512:


Sentence 513:


Sentence 514:


Sentence 515:


Sentence 516:


Sentence 517:
Sentence tokens do not match...
Gold: 0=When 1=it 2=was 3=all 4=over 5=and 6=stocks 7=had 8=staged 9=a 10=huge 11=recovery 13=Big 14=Board 15=officials 16=were 17=self-congratulatory 18=about 19=how 20=well 24=gone 23=had 21=the 22=day
Test: 0=When 2=was 3=all 4=over 1=it 5=and 6=stocks 7=had 8=staged 9=a 10=huge 11=recovery 13=Big 14=Board 15=officials 16=were 17=self-congratulatory 18=about 19=how 20=well 24=gone 23=had 21=the 22=day


Sentence 518:


Sentence 519:


Sentence 520:
Sentence tokens do not match...
Gold: 1=All 2=the 3=things 4=that 6=set 7=up 8=to 9=slow 10=down 11=the 12=process 14=to 15=let 16=people 17=know 18=that 19=the 20=market 21=was 22=in 23=an 24=extreme 25=position 5=we 27=worked 28=extremely 29=well
Test: 1=All 2=the 3=things 4=that 6=set 7=up 8=to 9=slow 10=down 11=the 12=process 5=we 14=to 15=let 16=people 17=know 18=that 19=the 20=market 21=was 22=in 23=an 24=extreme 25=position 27=worked 28=extremely 29=well


Sentence 521:


Sentence 522:


Sentence 523:


Sentence 524:


Sentence 525:


Sentence 526:


Sentence 527:


Sentence 528:


Sentence 529:


Sentence 530:


Sentence 531:


Sentence 532:


Sentence 533:


Sentence 534:


Sentence 535:


Sentence 536:


Sentence 537:


Sentence 538:


Sentence 539:


Sentence 540:


Sentence 541:


Sentence 542:


Sentence 543:


Sentence 544:


Sentence 545:


Sentence 546:


Sentence 547:


Sentence 548:


Sentence 549:


Sentence 550:


Sentence 551:


Sentence 552:


Sentence 553:


Sentence 554:


Sentence 555:


Sentence 556:


Sentence 557:


Sentence 558:


Sentence 559:


Sentence 560:


Sentence 561:


Sentence 562:


Sentence 563:


Sentence 564:


Sentence 565:


Sentence 566:


Sentence 567:


Sentence 568:


Sentence 569:


Sentence 570:


Sentence 571:


Sentence 572:


Sentence 573:


Sentence 574:


Sentence 575:


Sentence 576:


Sentence 577:


Sentence 578:


Sentence 579:


Sentence 580:


Sentence 581:


Sentence 582:


Sentence 583:


Sentence 584:


Sentence 585:


Sentence 586:


Sentence 587:


Sentence 588:


Sentence 589:


Sentence 590:


Sentence 591:


Sentence 592:


Sentence 593:


Sentence 594:


Sentence 595:


Sentence 596:


Sentence 597:


Sentence 598:
Sentence tokens do not match...
Gold: 0=It 1=would 2=like 3=to 4=peg 5=the 6=ceiling 7=on 8=Federal 9=Housing 10=Administration 11=mortgage 12=guarantees 13=to 14=95 15=% 16=of 17=the 18=median 19=price 20=in 21=a 22=particular 23=market 25=instead 26=of 27=limiting 28=it 29=to 30=$ 31=101,250 33=reduce 34=-LRB- 35=or 36=even 37=eliminate 39=FHA 40=down-payment 41=requirements 38=-RRB- 42=and 43=increase 44=the 45=availability 46=of 47=variable-rate 48=mortgages 50=expand 51=the 52=Veterans 53=Affairs 54=Department 55=loan 56=guarantee 57=program 59=provide 61=adequate 63=funding 64=for 65=the 66=Farmers 67=Home 68=Administration 69=-LRB- 70=FmHA 71=-RRB- 73=increase 74=federal 75=funding 76=and 77=tax 78=incentives 79=for 80=the 81=construction 82=of 83=low-income 84=and 85=rental 86=housing 88=including 89=$ 90=4 91=billion 92=in 93=block 94=grants 95=to 96=states 97=and 98=localities 100=and 102=fully 103=fund 105=the 106=McKinney 107=Act 109=a 110=$ 111=656 112=million 113=potpourri 114=for 115=the 116=homeless
Test: 0=It 1=would 2=like 3=to 4=peg 5=the 6=ceiling 7=on 8=Federal 9=Housing 10=Administration 11=mortgage 12=guarantees 13=to 14=95 15=% 16=of 17=the 18=median 19=price 20=in 21=a 22=particular 23=market 25=instead 26=of 27=limiting 28=it 29=to 30=$ 31=101,250 33=reduce 34=-LRB- 35=or 36=even 37=eliminate 38=-RRB- 39=FHA 40=down-payment 41=requirements 42=and 43=increase 44=the 45=availability 46=of 47=variable-rate 48=mortgages 50=expand 51=the 52=Veterans 53=Affairs 54=Department 55=loan 56=guarantee 57=program 59=provide 61=adequate 63=funding 64=for 65=the 66=Farmers 67=Home 68=Administration 69=-LRB- 70=FmHA 71=-RRB- 73=increase 74=federal 75=funding 76=and 77=tax 78=incentives 79=for 80=the 81=construction 82=of 83=low-income 84=and 85=rental 86=housing 88=including 89=$ 90=4 91=billion 92=in 93=block 94=grants 95=to 96=states 97=and 98=localities 100=and 102=fully 103=fund 105=the 106=McKinney 107=Act 109=a 110=$ 111=656 112=million 113=potpourri 114=for 115=the 116=homeless


Sentence 599:


Sentence 600:


Sentence 601:


Sentence 602:


Sentence 603:


Sentence 604:


Sentence 605:


Sentence 606:
Sentence tokens do not match...
Gold: 0=In 1=its 2=nicely 3=produced 4=publication 6=Where 10=Live 7=Will 8=Our 9=Children 13=the 14=NAHB 15=does 16=acknowledge 17=that 19=of 20=course 22=the 23=full 24=measure 25=of 26=housing 27=affordability 28=can 29=not 30=be 31=provided 32=by 33=the 34=federal 35=government
Test: 0=In 1=its 2=nicely 3=produced 4=publication 6=Where 7=Will 8=Our 9=Children 10=Live 13=the 14=NAHB 15=does 16=acknowledge 17=that 19=of 20=course 22=the 23=full 24=measure 25=of 26=housing 27=affordability 28=can 29=not 30=be 31=provided 32=by 33=the 34=federal 35=government


Sentence 607:


Sentence 608:
Sentence tokens do not match...
Gold: 0=But 1=while 2=the 3=NAHB 4=has 5=suggested 6=actions 7=that 12=take 13=to 14=reduce 15=regulatory 16=barriers 11=should 8=states 9=and 10=localities 18=the 19=association 20=has 21=proposed 22=no 23=activist 24=legislative 25=program 27=comparable 28=to 30=say 32=its 33=detailed 34=request 35=for 36=more 37=federal 38=subsidies 40=to 41=eliminate 42=counterproductive 43=controls
Test: 0=But 1=while 2=the 3=NAHB 4=has 5=suggested 6=actions 7=that 8=states 9=and 10=localities 11=should 12=take 13=to 14=reduce 15=regulatory 16=barriers 18=the 19=association 20=has 21=proposed 22=no 23=activist 24=legislative 25=program 27=comparable 28=to 30=say 32=its 33=detailed 34=request 35=for 36=more 37=federal 38=subsidies 40=to 41=eliminate 42=counterproductive 43=controls


Sentence 609:
Sentence tokens do not match...
Gold: 0=The 1=association 3=a 4=majority 5=of 6=whose 7=156,000 8=members 9=build 10=fewer 11=than 12=25 13=units 14=a 15=year 17=is 18=like 19=many 20=other 21=business 22=lobbies
Test: 0=The 1=association 3=a 4=majority 5=of 6=whose 9=build 10=fewer 11=than 12=25 13=units 14=a 15=year 7=156,000 8=members 17=is 18=like 19=many 20=other 21=business 22=lobbies


Sentence 610:


Sentence 611:


Sentence 612:


Sentence 613:


Sentence 614:


Sentence 615:


Sentence 616:


Sentence 617:


Sentence 618:


Sentence 619:


Sentence 620:


Sentence 621:


Sentence 622:


Sentence 623:


Sentence 624:


Sentence 625:


Sentence 626:


Sentence 627:


Sentence 628:


Sentence 629:
Sentence tokens do not match...
Gold: 0=And 1=so 3=was 4=on 5=Gray 6=Friday 2=it
Test: 0=And 1=so 2=it 3=was 4=on 5=Gray 6=Friday


Sentence 630:


Sentence 631:


Sentence 632:
Sentence tokens do not match...
Gold: 0=The 1=ceremonies 2=began 3=Friday 4=afternoon 5=when 7=spread 6=word 8=that 9=the 10=UAL 11=buy-out 12=was 13=collapsing
Test: 0=The 1=ceremonies 2=began 3=Friday 4=afternoon 5=when 6=word 7=spread 8=that 9=the 10=UAL 11=buy-out 12=was 13=collapsing


Sentence 633:


Sentence 634:
Sentence tokens do not match...
Gold: 0=Lots 1=of 2=other 3=entries 12=notably 13=a 14=surprisingly 15=large 16=increase 17=in 18=producer 19=prices 21=signalling 22=Federal 23=Reserve 24=tightness 26=and 27=the 28=Bush 29=administration 30='s 31=-LRB- 32=temporary 34=-RRB- 35=defeat 36=in 37=trying 38=to 39=lower 40=the 41=capital-gains 42=tax 4=made 5=up 6=the 7=parade 9=of 10=course
Test: 0=Lots 1=of 2=other 3=entries 4=made 5=up 6=the 7=parade 9=of 10=course 12=notably 13=a 14=surprisingly 15=large 16=increase 17=in 18=producer 19=prices 21=signalling 22=Federal 23=Reserve 24=tightness 26=and 27=the 28=Bush 29=administration 30='s 31=-LRB- 32=temporary 34=-RRB- 35=defeat 36=in 37=trying 38=to 39=lower 40=the 41=capital-gains 42=tax


Sentence 635:
Sentence tokens do not match...
Gold: 0=As 1=usual 3=few 4=favorable 5=reviews 8=for 9=that 10=ever-present 11=marching 12=band 13=of 14=program 15=traders 6=were 7=heard 17=although 18=most 19=serious 20=studies 21=suggest 22=they 23=only 24=play 25=the 26=music 27=that 29=write 28=others
Test: 0=As 1=usual 3=few 4=favorable 5=reviews 6=were 7=heard 8=for 9=that 10=ever-present 11=marching 12=band 13=of 14=program 15=traders 17=although 18=most 19=serious 20=studies 21=suggest 22=they 23=only 24=play 25=the 26=music 27=that 29=write 28=others


Sentence 636:


Sentence 637:


Sentence 638:


Sentence 639:


Sentence 640:


Sentence 641:


Sentence 642:


Sentence 643:


Sentence 644:


Sentence 645:


Sentence 646:


Sentence 647:


Sentence 648:


Sentence 649:


Sentence 650:


Sentence 651:
Sentence tokens do not match...
Gold: 0=If 1=it 4=to 5=find 6=that 7=concerns 8=over 9=corporate 10=debt 11=and 12=LBOs 13=caused 14=Gray 15=Friday 2=is 3=correct 17=what 18=are 19=the 20=implications 21=for 22=policy 23=makers
Test: 0=If 1=it 2=is 3=correct 4=to 5=find 6=that 7=concerns 8=over 9=corporate 10=debt 11=and 12=LBOs 13=caused 14=Gray 15=Friday 17=what 18=are 19=the 20=implications 21=for 22=policy 23=makers


Sentence 652:


Sentence 653:


Sentence 654:


Sentence 655:


Sentence 656:


Sentence 657:


Sentence 658:


Sentence 659:


Sentence 660:


Sentence 661:


Sentence 662:


Sentence 663:


Sentence 664:


Sentence 665:


Sentence 666:
Sentence tokens do not match...
Gold: 0=Any 1=such 2=attempt 3=to 4=distinguish 6=good 7=debt 9=from 11=bad 12=debt 15=or 16=to 17=draw 18=the 19=line 20=at 21=a 22=particular 23=industry 25=such 26=as 27=the 28=airlines 30=is 31=likely 32=to 33=blunt 34=the 35=spur 36=that 42=provides 43=both 44=to 45=equity 46=markets 47=and 48=economic 49=efficiency 50=in 51=general 37=the 38=proper 39=amount 40=of 41=leverage
Test: 0=Any 1=such 2=attempt 3=to 4=distinguish 6=good 7=debt 9=from 11=bad 12=debt 15=or 16=to 17=draw 18=the 19=line 20=at 21=a 22=particular 23=industry 25=such 26=as 27=the 28=airlines 30=is 31=likely 32=to 33=blunt 34=the 35=spur 36=that 37=the 38=proper 39=amount 40=of 41=leverage 42=provides 43=both 44=to 45=equity 46=markets 47=and 48=economic 49=efficiency 50=in 51=general


Sentence 667:


Sentence 668:


Sentence 669:


Sentence 670:


Sentence 671:


Sentence 672:


Sentence 673:


Sentence 674:


Sentence 675:


Sentence 676:


Sentence 677:


Sentence 678:


Sentence 679:


Sentence 680:


Sentence 681:


Sentence 682:


Sentence 683:


Sentence 684:


Sentence 685:


Sentence 686:


Sentence 687:


Sentence 688:


Sentence 689:
Sentence tokens do not match...
Gold: 0=A 1=midmorning 2=rebound 3=brought 4=it 5=back 6=to 7=show 8=a 9=gain 10=of 11=about 12=200 13=at 14=the 15=end 16=of 17=the 18=morning 19=session 21=but 22=the 23=rally 24=failed 25=in 26=the 27=afternoon 29=and 30=the 31=market 32=closed 33=near 34=the 35=day 36='s 37=low
Test: 0=A 1=midmorning 2=rebound 3=brought 4=it 6=to 7=show 8=a 9=gain 10=of 11=about 12=200 13=at 14=the 15=end 16=of 17=the 18=morning 19=session 5=back 21=but 22=the 23=rally 24=failed 25=in 26=the 27=afternoon 29=and 30=the 31=market 32=closed 33=near 34=the 35=day 36='s 37=low


Sentence 690:


Sentence 691:


Sentence 692:


Sentence 693:


Sentence 694:


Sentence 695:


Sentence 696:


Sentence 697:


Sentence 698:


Sentence 699:


Sentence 700:


Sentence 701:


Sentence 702:


Sentence 703:


Sentence 704:


Sentence 705:


Sentence 706:


Sentence 707:


Sentence 708:


Sentence 709:
Sentence tokens do not match...
Gold: 0=He 1=said 2=Friday 3='s 4=Wall 5=Street 6=decline 7=was 9=well 10=within 11=the 12=range 13=of 14=volatility 16=that 20=for 19=plans 21=when 23=charts 24=its 25=overseas 26=investment 27=strategy 22=it 17=Yasuda 18=Trust
Test: 0=He 1=said 2=Friday 3='s 4=Wall 5=Street 6=decline 7=was 9=well 10=within 11=the 12=range 13=of 14=volatility 16=that 19=plans 20=for 21=when 23=charts 24=its 25=overseas 26=investment 27=strategy 22=it 17=Yasuda 18=Trust


Sentence 710:


Sentence 711:


Sentence 712:


Sentence 713:


Sentence 714:


Sentence 715:


Sentence 716:


Sentence 717:


Sentence 718:


Sentence 719:


Sentence 720:


Sentence 721:


Sentence 722:


Sentence 723:


Sentence 724:


Sentence 725:


Sentence 726:


Sentence 727:


Sentence 728:


Sentence 729:


Sentence 730:


Sentence 731:


Sentence 732:


Sentence 733:


Sentence 734:


Sentence 735:


Sentence 736:
Sentence tokens do not match...
Gold: 0=Analysts 1=cited 2=memories 3=of 4=two 5=years 6=ago 8=when 9=many 10=small 11=investors 12=held 13=on 14=to 15=their 16=shares 17=after 18=the 19=October 20=crash 21=but 22=the 23=West 24=German 25=market 26=continued 27=to 28=decline 29=steeply 30=for 31=the 32=next 33=three 34=months
Test: 0=Analysts 1=cited 2=memories 3=of 4=two 5=years 6=ago 8=when 12=held 13=on 14=to 15=their 16=shares 17=after 18=the 19=October 20=crash 9=many 10=small 11=investors 21=but 22=the 23=West 24=German 25=market 26=continued 27=to 28=decline 29=steeply 30=for 31=the 32=next 33=three 34=months


Sentence 737:


Sentence 738:


Sentence 739:


Sentence 740:


Sentence 741:


Sentence 742:
Sentence tokens do not match...
Gold: 0=What 1=else 5=make 6=of 7=the 8=whacky 9=save-the-earth 10=initiative 11=just 12=proposed 13=by 14=several 15=major 16=environmental 17=groups 18=and 19=organized 20=by 21=the 22=state 23='s 24=attorney 25=general 4=to 2=is 3=one
Test: 0=What 1=else 2=is 3=one 4=to 5=make 6=of 7=the 8=whacky 9=save-the-earth 10=initiative 11=just 12=proposed 13=by 14=several 15=major 16=environmental 17=groups 18=and 19=organized 20=by 21=the 22=state 23='s 24=attorney 25=general


Sentence 743:


Sentence 744:


Sentence 745:


Sentence 746:


Sentence 747:
Sentence tokens do not match...
Gold: 0=The 1=initiative 2=bars 3=the 4=sale 5=of 6=any 7=crops 10=that 11=do 12=n't 13=meet 14=the 15=initiative 16='s 17=standards 8=in 9=California
Test: 0=The 1=initiative 2=bars 3=the 4=sale 5=of 6=any 7=crops 8=in 9=California 10=that 11=do 12=n't 13=meet 14=the 15=initiative 16='s 17=standards


Sentence 748:


Sentence 749:


Sentence 750:


Sentence 751:


Sentence 752:


Sentence 753:


Sentence 754:


Sentence 755:


Sentence 756:


Sentence 757:


Sentence 758:


Sentence 759:


Sentence 760:


Sentence 761:


Sentence 762:


Sentence 763:


Sentence 764:


Sentence 765:


Sentence 766:


Sentence 767:


Sentence 768:


Sentence 769:


Sentence 770:
Sentence tokens do not match...
Gold: 0=Mr. 1=Van 2=de 3=Kamp 4=and 5=his 6=allies 7=may 8=be 9=hoping 10=that 11=the 12=environment 13=is 14=such 15=a 16=mom 17=and 18=apple-pie 19=issue 28=that 29=almost 30=any 31=collection 32=of 33=anti-scientific 35=anti-pocketbook 36=nonsense 37=can 38=pass 39=under 40=its 41=rubric 20=among 21=certain 22=segments 23=of 24=California 25='s 26=population 27=now
Test: 0=Mr. 1=Van 2=de 3=Kamp 4=and 5=his 6=allies 7=may 8=be 9=hoping 10=that 11=the 12=environment 13=is 14=such 15=a 16=mom 17=and 18=apple-pie 19=issue 20=among 21=certain 22=segments 23=of 24=California 25='s 26=population 27=now 28=that 29=almost 30=any 31=collection 32=of 33=anti-scientific 35=anti-pocketbook 36=nonsense 37=can 38=pass 39=under 40=its 41=rubric


Sentence 771:


Sentence 772:


Sentence 773:


Sentence 774:


Sentence 775:


Sentence 776:


Sentence 777:


Sentence 778:


Sentence 779:


Sentence 780:


Sentence 781:


Sentence 782:


Sentence 783:


Sentence 784:


Sentence 785:


Sentence 786:


Sentence 787:


Sentence 788:


Sentence 789:
Sentence tokens do not match...
Gold: 0=The 1=rally 2=gave 3=credence 5=at 6=least 7=for 8=now 10=to 11=the 12=pre-trading 13=declaration 22=that 23=Friday 24='s 25=market 26=debacle 27=was 29=an 30=abnormal 31=condition 33=and 34=not 35=a 36=disaster 14=of 15=Big 16=Board 17=Chairman 18=John 19=J. 20=Phelan 21=Jr.
Test: 0=The 1=rally 2=gave 3=credence 5=at 6=least 7=for 8=now 10=to 11=the 12=pre-trading 13=declaration 14=of 15=Big 16=Board 17=Chairman 18=John 19=J. 20=Phelan 21=Jr. 22=that 23=Friday 24='s 25=market 26=debacle 27=was 29=an 30=abnormal 31=condition 33=and 34=not 35=a 36=disaster


Sentence 790:


Sentence 791:


Sentence 792:


Sentence 793:


Sentence 794:


Sentence 795:
Sentence tokens do not match...
Gold: 0=More 1=stocks 2=opened 3=over 4=the 5=ensuing 6=half 7=hour 9=as 10=the 11=49 12=Big 13=Board 14=specialist 15=firms 16=in 17=charge 18=of 19=keeping 20=the 21=market 22=orderly 23=groped 24=to 25=find 26=buy 27=orders 28=from 29=major 30=brokerage 31=firms 32=to 33=match 34=the 35=selling 36=flood
Test: 0=More 1=stocks 2=opened 3=over 4=the 5=ensuing 6=half 7=hour 9=as 10=the 11=49 12=Big 13=Board 14=specialist 15=firms 16=in 17=charge 18=of 19=keeping 20=the 21=market 22=orderly 23=groped 24=to 25=find 26=buy 27=orders 32=to 33=match 34=the 35=selling 36=flood 28=from 29=major 30=brokerage 31=firms


Sentence 796:


Sentence 797:


Sentence 798:


Sentence 799:


Sentence 800:


Sentence 801:


Sentence 802:


Sentence 803:


Sentence 804:


Sentence 805:


Sentence 806:


Sentence 807:


Sentence 808:


Sentence 809:


Sentence 810:


Sentence 811:


Sentence 812:


Sentence 813:


Sentence 814:


Sentence 815:


Sentence 816:


Sentence 817:


Sentence 818:


Sentence 819:


Sentence 820:
Sentence tokens do not match...
Gold: 0=Not 1=like 2=Friday 3=where 5=just 6=took 7=-LCB- 8=the 9=market 10=-RCB- 11=apart 4=they
Test: 0=Not 1=like 2=Friday 3=where 6=took 7=-LCB- 8=the 9=market 10=-RCB- 11=apart 4=they 5=just


Sentence 821:


Sentence 822:


Sentence 823:


Sentence 824:
Sentence tokens do not match...
Gold: 0=Grinned 16=I 17=tell 18=you 20=this 21=market 22=acts 23=healthy 1=Griffith 2=Peck 4=a 5=trader 6=in 7=Shearson 8=Lehman 9=Hutton 10=Inc. 11='s 12=OTC 13=department
Test: 0=Grinned 1=Griffith 2=Peck 4=a 5=trader 6=in 7=Shearson 8=Lehman 9=Hutton 10=Inc. 11='s 12=OTC 13=department 16=I 17=tell 18=you 20=this 21=market 22=acts 23=healthy


Sentence 825:


Sentence 826:


Sentence 827:


Sentence 828:


Sentence 829:


Sentence 830:
Sentence tokens do not match...
Gold: 0=Many 1=market 2=makers 3=in 4=the 5=S&P 6=100 7=index 8=options 9=contract 10=had 11=bullish 12=positions 13=Friday 15=and 16=when 19=came 17=the 18=shutdown 20=they 21=were 22=frozen 23=with 24=huge 25=losses
Test: 0=Many 1=market 2=makers 3=in 4=the 5=S&P 6=100 7=index 8=options 9=contract 10=had 11=bullish 12=positions 13=Friday 15=and 16=when 19=came 20=they 17=the 18=shutdown 21=were 22=frozen 23=with 24=huge 25=losses


Sentence 831:


Sentence 832:


Sentence 833:


Sentence 834:


Sentence 835:


Sentence 836:


Sentence 837:


Sentence 838:


Sentence 839:


Sentence 840:


Sentence 841:


Sentence 842:


Sentence 843:


Sentence 844:


Sentence 845:


Sentence 846:


Sentence 847:


Sentence 848:


Sentence 849:


Sentence 850:


Sentence 851:


Sentence 852:


Sentence 853:


Sentence 854:


Sentence 855:


Sentence 856:


Sentence 857:


Sentence 858:


Sentence 859:


Sentence 860:
Sentence tokens do not match...
Gold: 1=Obviously 3=every 4=time 5=we 6=get 7=this 8=kind 9=of 10=reaction 12=it 13='s 14=going 15=to 16=make 17=everybody 20=including 21=me 18=nervous 25=said 24=he
Test: 1=Obviously 3=every 4=time 5=we 6=get 7=this 8=kind 9=of 10=reaction 12=it 13='s 14=going 15=to 16=make 17=everybody 18=nervous 20=including 21=me 25=said 24=he


Sentence 861:


Sentence 862:


Sentence 863:


Sentence 864:


Sentence 865:


Sentence 866:


Sentence 867:


Sentence 868:


Sentence 869:


Sentence 870:


Sentence 871:


Sentence 872:


Sentence 873:


Sentence 874:


Sentence 875:


Sentence 876:


Sentence 877:


Sentence 878:


Sentence 879:


Sentence 880:


Sentence 881:


Sentence 882:


Sentence 883:


Sentence 884:


Sentence 885:


Sentence 886:


Sentence 887:


Sentence 888:


Sentence 889:


Sentence 890:


Sentence 891:


Sentence 892:


Sentence 893:


Sentence 894:


Sentence 895:


Sentence 896:


Sentence 897:


Sentence 898:


Sentence 899:


Sentence 900:


Sentence 901:


Sentence 902:


Sentence 903:


Sentence 904:


Sentence 905:


Sentence 906:


Sentence 907:


Sentence 908:


Sentence 909:


Sentence 910:


Sentence 911:


Sentence 912:


Sentence 913:


Sentence 914:


Sentence 915:


Sentence 916:


Sentence 917:


Sentence 918:


Sentence 919:


Sentence 920:


Sentence 921:


Sentence 922:


Sentence 923:


Sentence 924:


Sentence 925:


Sentence 926:


Sentence 927:


Sentence 928:


Sentence 929:


Sentence 930:


Sentence 931:


Sentence 932:


Sentence 933:


Sentence 934:


Sentence 935:


Sentence 936:


Sentence 937:


Sentence 938:


Sentence 939:


Sentence 940:


Sentence 941:


Sentence 942:


Sentence 943:


Sentence 944:


Sentence 945:


Sentence 946:


Sentence 947:


Sentence 948:


Sentence 949:


Sentence 950:


Sentence 951:


Sentence 952:


Sentence 953:


Sentence 954:


Sentence 955:


Sentence 956:


Sentence 957:


Sentence 958:


Sentence 959:


Sentence 960:


Sentence 961:


Sentence 962:


Sentence 963:


Sentence 964:


Sentence 965:


Sentence 966:


Sentence 967:


Sentence 968:


Sentence 969:


Sentence 970:


Sentence 971:


Sentence 972:


Sentence 973:


Sentence 974:


Sentence 975:


Sentence 976:


Sentence 977:


Sentence 978:


Sentence 979:


Sentence 980:


Sentence 981:


Sentence 982:


Sentence 983:


Sentence 984:


Sentence 985:


Sentence 986:


Sentence 987:


Sentence 988:


Sentence 989:


Sentence 990:


Sentence 991:


Sentence 992:


Sentence 993:


Sentence 994:


Sentence 995:


Sentence 996:


Sentence 997:


Sentence 998:


Sentence 999:


Sentence 1000:


Sentence 1001:


Sentence 1002:


Sentence 1003:


Sentence 1004:


Sentence 1005:


Sentence 1006:


Sentence 1007:


Sentence 1008:


Sentence 1009:


Sentence 1010:


Sentence 1011:


Sentence 1012:


Sentence 1013:
Sentence tokens do not match...
Gold: 0=Tax-exempts 1=started 2=the 3=session 4=flat 5=to 6=a 7=touch 8=higher 9=on 10=anticipation 11=of 12=further 13=stock 14=market 15=erosion 17=but 18=bond 19=prices 20=rapidly 21=turned 22=south 23=as 24=it 25=became 26=more 27=clear 28=that 29=a 30=repeat 31=of 32=the 33=October 34=1987 35=crash 36=was 37=n't 38=at 39=hand
Test: 0=Tax-exempts 1=started 2=the 3=session 4=flat 5=to 6=a 7=touch 8=higher 9=on 10=anticipation 11=of 12=further 13=stock 14=market 15=erosion 17=but 18=bond 19=prices 20=rapidly 21=turned 22=south 23=as 24=it 28=that 29=a 30=repeat 31=of 32=the 33=October 34=1987 35=crash 36=was 37=n't 38=at 39=hand 25=became 26=more 27=clear


Sentence 1014:


Sentence 1015:


Sentence 1016:


Sentence 1017:


Sentence 1018:


Sentence 1019:


Sentence 1020:


Sentence 1021:


Sentence 1022:


Sentence 1023:


Sentence 1024:


Sentence 1025:


Sentence 1026:


Sentence 1027:


Sentence 1028:


Sentence 1029:


Sentence 1030:


Sentence 1031:


Sentence 1032:


Sentence 1033:


Sentence 1034:


Sentence 1035:


Sentence 1036:


Sentence 1037:


Sentence 1038:


Sentence 1039:


Sentence 1040:


Sentence 1041:


Sentence 1042:


Sentence 1043:


Sentence 1044:


Sentence 1045:


Sentence 1046:


Sentence 1047:


Sentence 1048:


Sentence 1049:


Sentence 1050:


Sentence 1051:


Sentence 1052:


Sentence 1053:


Sentence 1054:


Sentence 1055:


Sentence 1056:
Sentence tokens do not match...
Gold: 0=U.S. 1=Banknote 2=said 3=it 4=is 5=in 6=negotiations 7=to 8=sell 10=certain 11=facilities 14=which 18=name 16=did 17=n't 15=it 20=to 21=a 22=third 23=party 25=and 26=it 27=needs 28=the 29=extension 30=to 31=try 32=to 33=reach 34=a 35=definitive 36=agreement 37=on 38=the 39=sale
Test: 0=U.S. 1=Banknote 2=said 3=it 4=is 5=in 6=negotiations 7=to 8=sell 10=certain 11=facilities 14=which 18=name 20=to 21=a 22=third 23=party 16=did 17=n't 15=it 25=and 26=it 27=needs 28=the 29=extension 30=to 31=try 32=to 33=reach 34=a 35=definitive 36=agreement 37=on 38=the 39=sale


Sentence 1057:


Sentence 1058:


Sentence 1059:


Sentence 1060:


Sentence 1061:


Sentence 1062:


Sentence 1063:


Sentence 1064:


Sentence 1065:


Sentence 1066:


Sentence 1067:


Sentence 1068:


Sentence 1069:


Sentence 1070:
Sentence tokens do not match...
Gold: 0=This 1=fall 3=Gitano 4=began 5=manufacturing 6=moderately 7=priced 8=clothes 9=aimed 10=at 11=department 12=stores 13=under 14=the 15=Gloria 16=Vanderbilt 17=trademark 19=which 21=recently 22=acquired 20=Gitano
Test: 0=This 1=fall 3=Gitano 4=began 5=manufacturing 6=moderately 7=priced 8=clothes 9=aimed 10=at 11=department 12=stores 13=under 14=the 15=Gloria 16=Vanderbilt 17=trademark 19=which 22=acquired 20=Gitano 21=recently


Sentence 1071:


Sentence 1072:


Sentence 1073:


Sentence 1074:


Sentence 1075:


Sentence 1076:


Sentence 1077:


Sentence 1078:


Sentence 1079:


Sentence 1080:


Sentence 1081:


Sentence 1082:


Sentence 1083:


Sentence 1084:


Sentence 1085:


Sentence 1086:


Sentence 1087:


Sentence 1088:


Sentence 1089:


Sentence 1090:


Sentence 1091:


Sentence 1092:


Sentence 1093:


Sentence 1094:


Sentence 1095:


Sentence 1096:


Sentence 1097:


Sentence 1098:


Sentence 1099:


Sentence 1100:


Sentence 1101:


Sentence 1102:


Sentence 1103:


Sentence 1104:


Sentence 1105:


Sentence 1106:


Sentence 1107:


Sentence 1108:


Sentence 1109:


Sentence 1110:


Sentence 1111:


Sentence 1112:


Sentence 1113:


Sentence 1114:


Sentence 1115:


Sentence 1116:


Sentence 1117:


Sentence 1118:


Sentence 1119:


Sentence 1120:


Sentence 1121:


Sentence 1122:


Sentence 1123:


Sentence 1124:


Sentence 1125:


Sentence 1126:
Sentence tokens do not match...
Gold: 0=His 1=On-Broadway 2=Photography 3=studio 4=in 5=Portland 7=Ore. 9=doubled 10=its 11=business 12=last 13=year 14=and 19=is 20=booked 21=solid 22=for 23=the 24=next 25=five 17=says 16=he
Test: 0=His 1=On-Broadway 2=Photography 3=studio 4=in 5=Portland 7=Ore. 9=doubled 10=its 11=business 12=last 13=year 14=and 16=he 17=says 19=is 20=booked 21=solid 22=for 23=the 24=next 25=five


Sentence 1127:


Sentence 1128:


Sentence 1129:


Sentence 1130:


Sentence 1131:


Sentence 1132:


Sentence 1133:


Sentence 1134:


Sentence 1135:


Sentence 1136:


Sentence 1137:


Sentence 1138:


Sentence 1139:
Sentence tokens do not match...
Gold: 0=And 1=Kodak 2=is 3=distributing 4=an 5=instructional 6=video 9=on 10=how 12=develop 13=its 14=monochrome 15=film 16=more 17=efficiently 11=to 7=to 8=processors
Test: 0=And 1=Kodak 2=is 3=distributing 4=an 5=instructional 6=video 7=to 8=processors 9=on 10=how 12=develop 13=its 14=monochrome 15=film 16=more 17=efficiently 11=to


Sentence 1140:


Sentence 1141:


Sentence 1142:


Sentence 1143:


Sentence 1144:


Sentence 1145:


Sentence 1146:


Sentence 1147:


Sentence 1148:


Sentence 1149:


Sentence 1150:


Sentence 1151:


Sentence 1152:


Sentence 1153:


Sentence 1154:


Sentence 1155:


Sentence 1156:


Sentence 1157:


Sentence 1158:


Sentence 1159:


Sentence 1160:


Sentence 1161:


Sentence 1162:


Sentence 1163:
Sentence tokens do not match...
Gold: 0=The 1=spokesman 2=further 3=said 4=that 5=at 6=least 7=two 8=more 9=offers 12=from 13=other 14=companies 10=are 11=expected 15=within 16=two 17=weeks
Test: 0=The 1=spokesman 2=further 3=said 4=that 5=at 6=least 7=two 8=more 9=offers 10=are 11=expected 12=from 13=other 14=companies 15=within 16=two 17=weeks


Sentence 1164:


Sentence 1165:


Sentence 1166:


Sentence 1167:


Sentence 1168:


Sentence 1169:


Sentence 1170:


Sentence 1171:


Sentence 1172:


Sentence 1173:


Sentence 1174:


Sentence 1175:


Sentence 1176:


Sentence 1177:


Sentence 1178:


Sentence 1179:


Sentence 1180:
Sentence tokens do not match...
Gold: 0=The 1=Columbia 2=economists 3=also 4=have 5=reconstructed 6=how 13=behaved 15=had 16=it 17=existed 19=in 20=1929 22=before 23=the 24=stock 25=market 26=crash 27=in 28=October 29=that 30=ushered 31=in 32=the 33=Great 34=Depression 12=have 11=would 7=the 8=long 9=leading 10=index
Test: 0=The 1=Columbia 2=economists 3=also 4=have 5=reconstructed 6=how 13=behaved 12=have 11=would 7=the 8=long 9=leading 10=index 15=had 16=it 17=existed 19=in 20=1929 22=before 23=the 24=stock 25=market 26=crash 27=in 28=October 29=that 30=ushered 31=in 32=the 33=Great 34=Depression


Sentence 1181:


Sentence 1182:


Sentence 1183:


Sentence 1184:


Sentence 1185:


Sentence 1186:


Sentence 1187:
Sentence tokens do not match...
Gold: 0=Notably 1=absent 2=from 3=the 4=Columbia 5=index 6=is 7=the 8=stock 9=market 11=which 16=is 17=simply 18=no 19=longer 20=such 21=a 22=good 23=indicator 24=of 25=the 26=economy 27='s 28=long-range 29=prospects 31=though 32=it 33=still 34=is 35=useful 36=for 37=anticipating 38=some 39=short-run 40=twists 41=and 42=turns 14=says 12=Mr. 13=Moore
Test: 0=Notably 1=absent 2=from 3=the 4=Columbia 5=index 6=is 7=the 8=stock 9=market 11=which 16=is 17=simply 18=no 19=longer 20=such 21=a 22=good 23=indicator 24=of 25=the 26=economy 27='s 28=long-range 29=prospects 14=says 12=Mr. 13=Moore 31=though 32=it 33=still 34=is 35=useful 36=for 37=anticipating 38=some 39=short-run 40=twists 41=and 42=turns


Sentence 1188:


Sentence 1189:


Sentence 1190:
Sentence tokens do not match...
Gold: 0=The 1=stock 2=market 3=has 4=lost 5=some 6=precursory 7=power 16=because 17=of 18=the 19=growing 20=impact 21=of 22=international 23=developments 14=claim 9=analysts 10=at 11=the 12=Columbia 13=center
Test: 0=The 1=stock 2=market 3=has 4=lost 5=some 6=precursory 7=power 9=analysts 10=at 11=the 12=Columbia 13=center 14=claim 16=because 17=of 18=the 19=growing 20=impact 21=of 22=international 23=developments


Sentence 1191:


Sentence 1192:


Sentence 1193:


Sentence 1194:


Sentence 1195:


Sentence 1196:


Sentence 1197:


Sentence 1198:


Sentence 1199:


Sentence 1200:


Sentence 1201:


Sentence 1202:


Sentence 1203:


Sentence 1204:


Sentence 1205:


Sentence 1206:


Sentence 1207:


Sentence 1208:


Sentence 1209:


Sentence 1210:


Sentence 1211:


Sentence 1212:


Sentence 1213:


Sentence 1214:


Sentence 1215:


Sentence 1216:


Sentence 1217:


Sentence 1218:


Sentence 1219:


Sentence 1220:


Sentence 1221:


Sentence 1222:


Sentence 1223:


Sentence 1224:


Sentence 1225:
Sentence tokens do not match...
Gold: 0=IBM 1='s 2=earnings 3=tumbled 4=30 5=% 11=slightly 12=more 13=than 14=expected 6=in 7=the 8=third 9=quarter
Test: 0=IBM 1='s 2=earnings 3=tumbled 4=30 5=% 6=in 7=the 8=third 9=quarter 11=slightly 12=more 13=than 14=expected


Sentence 1226:


Sentence 1227:


Sentence 1228:


Sentence 1229:


Sentence 1230:


Sentence 1231:


Sentence 1232:


Sentence 1233:


Sentence 1234:


Sentence 1235:


Sentence 1236:


Sentence 1237:


Sentence 1238:


Sentence 1239:


Sentence 1240:


Sentence 1241:


Sentence 1242:


Sentence 1243:


Sentence 1244:


Sentence 1245:


Sentence 1246:


Sentence 1247:


Sentence 1248:


Sentence 1249:


Sentence 1250:


Sentence 1251:


Sentence 1252:


Sentence 1253:


Sentence 1254:


Sentence 1255:


Sentence 1256:


Sentence 1257:


Sentence 1258:


Sentence 1259:


Sentence 1260:


Sentence 1261:


Sentence 1262:


Sentence 1263:


Sentence 1264:


Sentence 1265:


Sentence 1266:


Sentence 1267:


Sentence 1268:


Sentence 1269:


Sentence 1270:


Sentence 1271:


Sentence 1272:


Sentence 1273:


Sentence 1274:


Sentence 1275:


Sentence 1276:


Sentence 1277:


Sentence 1278:


Sentence 1279:


Sentence 1280:


Sentence 1281:


Sentence 1282:


Sentence 1283:


Sentence 1284:


Sentence 1285:


Sentence 1286:


Sentence 1287:


Sentence 1288:


Sentence 1289:


Sentence 1290:


Sentence 1291:


Sentence 1292:


Sentence 1293:


Sentence 1294:


Sentence 1295:


Sentence 1296:


Sentence 1297:


Sentence 1298:


Sentence 1299:


Sentence 1300:


Sentence 1301:


Sentence 1302:


Sentence 1303:


Sentence 1304:


Sentence 1305:


Sentence 1306:


Sentence 1307:


Sentence 1308:


Sentence 1309:


Sentence 1310:


Sentence 1311:


Sentence 1312:


Sentence 1313:


Sentence 1314:


Sentence 1315:


Sentence 1316:


Sentence 1317:
Sentence tokens do not match...
Gold: 0=This 1=is 2=the 3=place 4=that 10=over 9=celebrating 11=in 12=the 13=expectation 14=that 15=it 16='s 17=going 18=to 19=hold 20=an 21=election 8=been 7=has 5=world 6=opinion
Test: 0=This 1=is 2=the 3=place 4=that 9=celebrating 10=over 11=in 12=the 13=expectation 14=that 15=it 16='s 17=going 18=to 19=hold 20=an 21=election 8=been 7=has 5=world 6=opinion


Sentence 1318:


Sentence 1319:


Sentence 1320:


Sentence 1321:
Sentence tokens do not match...
Gold: 0=Mr. 1=Stanley 2=is 3=on 4=trial 5=over 6=charges 7=that 8=he 9=violated 10=a 11=proclamation 13=issued 14=by 15=the 16=South 17=African 18=administrator 19=general 20=earlier 21=this 22=year 24=which 25=made 26=it 35=for 36=any 37=person 38=to 40=insult 42=disparate 43=or 44=belittle 46=the 47=election 48=commission 27=a 28=crime 29=punishable 30=by 31=two 32=years 33=in 34=prison
Test: 0=Mr. 1=Stanley 2=is 3=on 4=trial 5=over 6=charges 7=that 8=he 9=violated 10=a 11=proclamation 13=issued 14=by 15=the 16=South 17=African 18=administrator 19=general 20=earlier 21=this 22=year 24=which 25=made 26=it 27=a 28=crime 29=punishable 30=by 31=two 32=years 33=in 34=prison 35=for 36=any 37=person 38=to 40=insult 42=disparate 43=or 44=belittle 46=the 47=election 48=commission


Sentence 1322:
Sentence tokens do not match...
Gold: 0=The 1=Stanley 2=affair 3=does 4=n't 5=bode 6=well 7=for 8=the 9=future 10=of 11=democracy 12=or 13=freedom 14=of 15=anything 16=in 17=Namibia 18=when 21=running 22=the 23=government 20=starts 19=SWAPO
Test: 0=The 1=Stanley 2=affair 3=does 4=n't 5=bode 6=well 7=for 8=the 9=future 10=of 11=democracy 12=or 13=freedom 14=of 15=anything 16=in 17=Namibia 18=when 20=starts 21=running 22=the 23=government 19=SWAPO


Sentence 1323:
Sentence tokens do not match...
Gold: 0=To 1=the 2=extent 3=Mr. 4=Stanley 5=has 6=done 7=anything 8=wrong 10=it 11=may 12=be 13=that 14=he 15=is 16=out 17=of 18=step 19=with 20=the 21=consensus 25=that 26=the 27=Namibian 28=guerrillas 29=were 30=above 31=all 32=else 33=the 34=victims 35=of 36=suppression 37=by 38=neighboring 39=South 40=Africa 22=of 23=world 24=intellectuals
Test: 0=To 1=the 2=extent 3=Mr. 4=Stanley 5=has 6=done 7=anything 8=wrong 10=it 11=may 12=be 13=that 14=he 15=is 16=out 17=of 18=step 19=with 20=the 21=consensus 22=of 23=world 24=intellectuals 25=that 26=the 27=Namibian 28=guerrillas 29=were 30=above 31=all 32=else 33=the 34=victims 35=of 36=suppression 37=by 38=neighboring 39=South 40=Africa


Sentence 1324:


Sentence 1325:


Sentence 1326:


Sentence 1327:


Sentence 1328:


Sentence 1329:


Sentence 1330:


Sentence 1331:


Sentence 1332:


Sentence 1333:


Sentence 1334:


Sentence 1335:


Sentence 1336:


Sentence 1337:


Sentence 1338:


Sentence 1339:


Sentence 1340:


Sentence 1341:


Sentence 1342:


Sentence 1343:


Sentence 1344:


Sentence 1345:


Sentence 1346:


Sentence 1347:


Sentence 1348:


Sentence 1349:


Sentence 1350:


Sentence 1351:


Sentence 1352:


Sentence 1353:


Sentence 1354:


Sentence 1355:


Sentence 1356:


Sentence 1357:


Sentence 1358:


Sentence 1359:


Sentence 1360:


Sentence 1361:


Sentence 1362:


Sentence 1363:


Sentence 1364:


Sentence 1365:


Sentence 1366:


Sentence 1367:


Sentence 1368:


Sentence 1369:


Sentence 1370:


Sentence 1371:


Sentence 1372:


Sentence 1373:


Sentence 1374:


Sentence 1375:


Sentence 1376:


Sentence 1377:


Sentence 1378:
Sentence tokens do not match...
Gold: 0=But 1=the 2=recovery 3=in 4=the 5=stock 6=market 7=provided 8=little 9=help 10=for 11=copper 12=as 13=word 15=that 16=a 17=three-month 18=strike 19=at 20=the 21=Highland 22=Valley 23=mine 24=in 25=British 26=Columbia 27=was 28=about 29=over 14=spread 31=according 32=to 33=an 34=analyst
Test: 0=But 1=the 2=recovery 3=in 4=the 5=stock 6=market 7=provided 8=little 9=help 10=for 11=copper 12=as 13=word 14=spread 15=that 16=a 17=three-month 18=strike 19=at 20=the 21=Highland 22=Valley 23=mine 24=in 25=British 26=Columbia 27=was 28=about 29=over 31=according 32=to 33=an 34=analyst


Sentence 1379:


Sentence 1380:


Sentence 1381:


Sentence 1382:


Sentence 1383:


Sentence 1384:


Sentence 1385:


Sentence 1386:


Sentence 1387:


Sentence 1388:


Sentence 1389:


Sentence 1390:


Sentence 1391:


Sentence 1392:


Sentence 1393:


Sentence 1394:


Sentence 1395:


Sentence 1396:
Sentence tokens do not match...
Gold: 0=Colder 1=weather 5=for 6=the 7=high 8=plains 9=of 10=Texas 11=and 12=the 13=northern 14=states 15=of 16=the 17=Delta 2=is 3=being 4=predicted 18=during 19=the 20=coming 21=weekend 25=said 23=Mr. 24=Simon
Test: 0=Colder 1=weather 2=is 3=being 4=predicted 5=for 6=the 7=high 8=plains 9=of 10=Texas 11=and 12=the 13=northern 14=states 15=of 16=the 17=Delta 18=during 19=the 20=coming 21=weekend 25=said 23=Mr. 24=Simon


Sentence 1397:


Sentence 1398:


Sentence 1399:


Sentence 1400:


Sentence 1401:


Sentence 1402:


Sentence 1403:


Sentence 1404:


Sentence 1405:


Sentence 1406:


Sentence 1407:


Sentence 1408:


Sentence 1409:


Sentence 1410:


Sentence 1411:


Sentence 1412:


Sentence 1413:


Sentence 1414:


Sentence 1415:


Sentence 1416:


Sentence 1417:


Sentence 1418:


Sentence 1419:


Sentence 1420:


Sentence 1421:


Sentence 1422:


Sentence 1423:


Sentence 1424:


Sentence 1425:


Sentence 1426:


Sentence 1427:


Sentence 1428:


Sentence 1429:


Sentence 1430:


Sentence 1431:


Sentence 1432:


Sentence 1433:
Sentence tokens do not match...
Gold: 0=The 1=maker 2=of 3=home 4=appliances 5=said 6=the 7=process 9=which 10=involves 11=the 12=use 13=of 14=a 15=multilayer 16=plastic 17=bag 18=during 19=repairs 20=to 21=capture 22=the 23=gaseous 24=substance 25=and 26=transport 27=it 28=to 29=a 30=recycling 31=center 33=is 34=already 35=in 36=use 37=at 38=a 39=number 40=of 41=its 42=service 43=centers 45=and 46=will 47=be 48=available 49=to 50=all 51=authorized 52=repair 53=centers 54=by 55=spring
Test: 0=The 1=maker 2=of 3=home 4=appliances 5=said 6=the 7=process 9=which 10=involves 11=the 12=use 13=of 14=a 15=multilayer 16=plastic 17=bag 20=to 21=capture 22=the 23=gaseous 24=substance 25=and 26=transport 27=it 28=to 29=a 30=recycling 31=center 18=during 19=repairs 33=is 34=already 35=in 36=use 37=at 38=a 39=number 40=of 41=its 42=service 43=centers 45=and 46=will 47=be 48=available 49=to 50=all 51=authorized 52=repair 53=centers 54=by 55=spring


Sentence 1434:


Sentence 1435:


Sentence 1436:


Sentence 1437:


Sentence 1438:


Sentence 1439:


Sentence 1440:


Sentence 1441:


Sentence 1442:


Sentence 1443:


Sentence 1444:


Sentence 1445:


Sentence 1446:


Sentence 1447:


Sentence 1448:


Sentence 1449:


Sentence 1450:


Sentence 1451:


Sentence 1452:


Sentence 1453:


Sentence 1454:


Sentence 1455:


Sentence 1456:


Sentence 1457:


Sentence 1458:


Sentence 1459:


Sentence 1460:


Sentence 1461:


Sentence 1462:


Sentence 1463:


Sentence 1464:


Sentence 1465:


Sentence 1466:


Sentence 1467:


Sentence 1468:


Sentence 1469:


Sentence 1470:


Sentence 1471:


Sentence 1472:


Sentence 1473:


Sentence 1474:


Sentence 1475:


Sentence 1476:


Sentence 1477:


Sentence 1478:


Sentence 1479:


Sentence 1480:


Sentence 1481:


Sentence 1482:


Sentence 1483:


Sentence 1484:


Sentence 1485:


Sentence 1486:


Sentence 1487:


Sentence 1488:


Sentence 1489:


Sentence 1490:


Sentence 1491:


Sentence 1492:


Sentence 1493:


Sentence 1494:


Sentence 1495:


Sentence 1496:


Sentence 1497:


Sentence 1498:
Sentence tokens do not match...
Gold: 0=Overall 2=more 3=Big 4=Board 5=stocks 8=than 9=gained 6=lost 7=money
Test: 0=Overall 2=more 3=Big 4=Board 5=stocks 6=lost 7=money 8=than 9=gained


Sentence 1499:


Sentence 1500:


Sentence 1501:


Sentence 1502:
Sentence tokens do not match...
Gold: 0=The 1=Frankfurt 2=stock 3=exchange 7=of 8=the 9=major 10=markets 4=was 5=hardest 6=hit 12=with 13=blue 14=chips 15=there 16=falling 17=12.8 18=%
Test: 0=The 1=Frankfurt 2=stock 3=exchange 4=was 5=hardest 6=hit 7=of 8=the 9=major 10=markets 12=with 13=blue 14=chips 15=there 16=falling 17=12.8 18=%


Sentence 1503:


Sentence 1504:


Sentence 1505:


Sentence 1506:


Sentence 1507:


Sentence 1508:


Sentence 1509:


Sentence 1510:


Sentence 1511:


Sentence 1512:


Sentence 1513:


Sentence 1514:


Sentence 1515:


Sentence 1516:


Sentence 1517:


Sentence 1518:


Sentence 1519:


Sentence 1520:


Sentence 1521:


Sentence 1522:


Sentence 1523:


Sentence 1524:


Sentence 1525:


Sentence 1526:


Sentence 1527:


Sentence 1528:


Sentence 1529:


Sentence 1530:


Sentence 1531:


Sentence 1532:


Sentence 1533:


Sentence 1534:


Sentence 1535:
Sentence tokens do not match...
Gold: 0=With 1=sell 2=orders 5=from 6=Friday 3=piled 4=up 8=about 9=half 10=the 11=stocks 12=in 13=the 14=Dow 15=could 16=n't 17=open 18=on 19=time
Test: 0=With 1=sell 2=orders 3=piled 4=up 5=from 6=Friday 8=about 9=half 10=the 11=stocks 12=in 13=the 14=Dow 15=could 16=n't 17=open 18=on 19=time


Sentence 1536:


Sentence 1537:


Sentence 1538:


Sentence 1539:
Sentence tokens do not match...
Gold: 0=But 1=shortly 2=before 3=then 5=some 6=of 7=Wall 8=Street 9='s 10=sharpest 11=traders 12=say 14=they 15=sensed 16=a 17=turn
Test: 0=But 1=shortly 2=before 3=then 14=they 15=sensed 16=a 17=turn 12=say 5=some 6=of 7=Wall 8=Street 9='s 10=sharpest 11=traders


Sentence 1540:


Sentence 1541:


Sentence 1542:


Sentence 1543:


Sentence 1544:


Sentence 1545:


Sentence 1546:


Sentence 1547:


Sentence 1548:


Sentence 1549:


Sentence 1550:


Sentence 1551:


Sentence 1552:


Sentence 1553:


Sentence 1554:


Sentence 1555:


Sentence 1556:


Sentence 1557:


Sentence 1558:


Sentence 1559:


Sentence 1560:


Sentence 1561:
Sentence tokens do not match...
Gold: 0=Typical 4=was 2=perhaps 5=Batterymarch 6='s 7=Dean 8=LeBaron
Test: 0=Typical 2=perhaps 4=was 5=Batterymarch 6='s 7=Dean 8=LeBaron


Sentence 1562:


Sentence 1563:
Sentence tokens do not match...
Gold: 0=Asked 1=what 2=stocks 5=bought 3=the 4=computer 7=the 8=money 9=manager 10=says 13=I 14=do 15=n't 16=know
Test: 0=Asked 1=what 2=stocks 5=bought 3=the 4=computer 13=I 14=do 15=n't 16=know 10=says 7=the 8=money 9=manager


Sentence 1564:


Sentence 1565:


Sentence 1566:
Sentence tokens do not match...
Gold: 0=Many 1=market 2=makers 3=in 4=the 5=S&P 6=100 7=index 8=options 9=contract 10=had 11=bullish 12=positions 13=Friday 15=and 16=when 19=came 17=the 18=shutdown 20=they 21=were 22=frozen 23=with 24=huge 25=losses
Test: 0=Many 1=market 2=makers 3=in 4=the 5=S&P 6=100 7=index 8=options 9=contract 10=had 11=bullish 12=positions 13=Friday 15=and 16=when 19=came 20=they 17=the 18=shutdown 21=were 22=frozen 23=with 24=huge 25=losses


Sentence 1567:


Sentence 1568:


Sentence 1569:


Sentence 1570:


Sentence 1571:


Sentence 1572:


Sentence 1573:


Sentence 1574:


Sentence 1575:


Sentence 1576:


Sentence 1577:


Sentence 1578:


Sentence 1579:


Sentence 1580:
Sentence tokens do not match...
Gold: 0=Says 1=Gordon 2=Fines 4=a 5=money 6=manager 7=at 8=IDS 9=Financial 10=Services 11=in 12=Minneapolis 15=You 16='re 17=on 18=a 19=roller 20=coaster 22=and 23=that 24=may 25=last
Test: 0=Says 15=You 16='re 17=on 18=a 19=roller 20=coaster 22=and 23=that 24=may 25=last 1=Gordon 2=Fines 4=a 5=money 6=manager 7=at 8=IDS 9=Financial 10=Services 11=in 12=Minneapolis


Sentence 1581:


Sentence 1582:


Sentence 1583:


Sentence 1584:


Sentence 1585:


Sentence 1586:


Sentence 1587:


Sentence 1588:


Sentence 1589:


Sentence 1590:


Sentence 1591:


Sentence 1592:


Sentence 1593:


Sentence 1594:


Sentence 1595:


Sentence 1596:


Sentence 1597:


Sentence 1598:


Sentence 1599:


Sentence 1600:


Sentence 1601:


Sentence 1602:
Sentence tokens do not match...
Gold: 0=Wallach 2=an 3=associate 4=of 5=ex-Attorney 6=General 7=Meese 9=was 10=found 11=guilty 14=of 15=taking 16=$ 17=425,000 18=in 19=illegal 20=payoffs 21=from 22=the 23=now-defunct 24=defense 25=contractor 12=in 13=August
Test: 0=Wallach 2=an 3=associate 4=of 5=ex-Attorney 6=General 7=Meese 9=was 10=found 11=guilty 12=in 13=August 14=of 15=taking 16=$ 17=425,000 18=in 19=illegal 20=payoffs 21=from 22=the 23=now-defunct 24=defense 25=contractor


Sentence 1603:
Sentence tokens do not match...
Gold: 0=NASA 1=resumed 2=the 3=countdown 4=for 5=today 6='s 7=launch 8=of 9=the 10=space 11=shuttle 12=Atlantis 14=and 15=a 16=federal 17=appeals 18=court 19=in 20=Washington 21=dismissed 22=a 23=lawsuit 24=by 25=anti-nuclear 26=groups 27=to 28=delay 29=the 30=flight 31=because 32=the 33=plutonium-powered 34=Galileo 35=space 36=probe 37=was 38=aboard
Test: 0=NASA 1=resumed 2=the 3=countdown 4=for 5=today 6='s 7=launch 8=of 9=the 10=space 11=shuttle 12=Atlantis 14=and 15=a 16=federal 17=appeals 18=court 19=in 20=Washington 21=dismissed 22=a 23=lawsuit 27=to 28=delay 29=the 30=flight 31=because 32=the 33=plutonium-powered 34=Galileo 35=space 36=probe 37=was 38=aboard 24=by 25=anti-nuclear 26=groups


Sentence 1604:


Sentence 1605:


Sentence 1606:


Sentence 1607:


Sentence 1608:


Sentence 1609:


Sentence 1610:


Sentence 1611:


Sentence 1612:


Sentence 1613:


Sentence 1614:


Sentence 1615:


Sentence 1616:
Sentence tokens do not match...
Gold: 0=Differences 12=over 13=conditions 14=for 15=the 16=exchanges 1=remained 2=between 3=the 4=North 5=and 6=South 7=Korean 8=governments 10=however
Test: 0=Differences 1=remained 2=between 3=the 4=North 5=and 6=South 7=Korean 8=governments 10=however 12=over 13=conditions 14=for 15=the 16=exchanges


Sentence 1617:


Sentence 1618:


Sentence 1619:


Sentence 1620:


Sentence 1621:


Sentence 1622:


Sentence 1623:


Sentence 1624:


Sentence 1625:


Sentence 1626:
Sentence tokens do not match...
Gold: 0=A 1=spokesman 2=said 3=the 4=guerrillas 5=would 6=present 7=a 8=cease-fire 9=proposal 16=that 17=includes 18=constitutional 19=and 20=economic 21=changes 10=during 11=the 12=negotiations 13=in 14=Costa 15=Rica
Test: 0=A 1=spokesman 2=said 3=the 4=guerrillas 5=would 6=present 7=a 8=cease-fire 9=proposal 10=during 11=the 12=negotiations 13=in 14=Costa 15=Rica 16=that 17=includes 18=constitutional 19=and 20=economic 21=changes


Sentence 1627:


Sentence 1628:


Sentence 1629:


Sentence 1630:


Sentence 1631:


Sentence 1632:


Sentence 1633:


Sentence 1634:


Sentence 1635:


Sentence 1636:


Sentence 1637:


Sentence 1638:


Sentence 1639:


Sentence 1640:


Sentence 1641:


Sentence 1642:


Sentence 1643:


Sentence 1644:


Sentence 1645:


Sentence 1646:


Sentence 1647:


Sentence 1648:


Sentence 1649:


Sentence 1650:


Sentence 1651:


Sentence 1652:


Sentence 1653:


Sentence 1654:


Sentence 1655:


Sentence 1656:


Sentence 1657:


Sentence 1658:
Sentence tokens do not match...
Gold: 0=But 1=the 2=Blue 3=Arrow 4=tumult 5=is 6=n't 7=over 8=yet 10=as 11=the 12=British 13=government 14=is 15=investigating 16=a 17=disputed 18=# 19=25 20=million 21=-LRB- 22=$ 23=39.4 24=million 25=-RRB- 26=loan 27=which 32=was 33=made 34=under 35=Mr. 36=Berry 37='s 38=direction 31=said 30=has 28=Mr. 29=Fromstein
Test: 0=But 1=the 2=Blue 3=Arrow 4=tumult 5=is 6=n't 7=over 8=yet 10=as 11=the 12=British 13=government 14=is 15=investigating 16=a 17=disputed 18=# 19=25 20=million 21=-LRB- 22=$ 23=39.4 24=million 25=-RRB- 26=loan 27=which 31=said 30=has 28=Mr. 29=Fromstein 32=was 33=made 34=under 35=Mr. 36=Berry 37='s 38=direction


Sentence 1659:


Sentence 1660:


Sentence 1661:


Sentence 1662:


Sentence 1663:


Sentence 1664:


Sentence 1665:


Sentence 1666:


Sentence 1667:


Sentence 1668:


Sentence 1669:


Sentence 1670:


Sentence 1671:


Sentence 1672:


Sentence 1673:


Sentence 1674:


Sentence 1675:


Sentence 1676:


Sentence 1677:


Sentence 1678:


Sentence 1679:
Sentence tokens do not match...
Gold: 1=The 2=question 3=is 4=how 5=long 10=take 11=Barry 12=Wright 13=to 14=make 15=a 16=contribution 9=to 8=going 7='s 6=it 19=says 20=F. 21=John 22=Mirek 24=an 25=analyst 26=at 27=Blunt 28=Ellis 29=Loewi 30=in 31=Milwaukee
Test: 1=The 2=question 3=is 4=how 5=long 10=take 11=Barry 12=Wright 9=to 8=going 7='s 6=it 13=to 14=make 15=a 16=contribution 19=says 20=F. 21=John 22=Mirek 24=an 25=analyst 26=at 27=Blunt 28=Ellis 29=Loewi 30=in 31=Milwaukee


Sentence 1680:


Sentence 1681:


Sentence 1682:


Sentence 1683:


Sentence 1684:


Sentence 1685:


Sentence 1686:


Sentence 1687:


Sentence 1688:


Sentence 1689:


Sentence 1690:


Sentence 1691:


Sentence 1692:


Sentence 1693:


Sentence 1694:
Sentence tokens do not match...
Gold: 0=Mr. 1=Sim 2=figures 3=it 4=will 5=be 6=easier 7=to 8=turn 9=Barry 10=Wright 11=around 12=since 13=he 14='s 15=now 16=in 17=the 18=driver 19='s 20=seat
Test: 0=Mr. 1=Sim 2=figures 3=it 7=to 8=turn 9=Barry 10=Wright 11=around 4=will 5=be 6=easier 12=since 13=he 14='s 15=now 16=in 17=the 18=driver 19='s 20=seat


Sentence 1695:


Sentence 1696:


Sentence 1697:


Sentence 1698:


Sentence 1699:


Sentence 1700:


End of both input files
